0 info it worked if it ends with ok
1 verbose cli [ '/usr/local/bin/node', '/usr/local/bin/npm', 'run', 'build' ]
2 info using npm@3.9.5
3 info using node@v6.2.2
4 verbose run-script [ 'prebuild', 'build', 'postbuild' ]
5 info lifecycle tsc_journey@1.0.0~prebuild: tsc_journey@1.0.0
6 silly lifecycle tsc_journey@1.0.0~prebuild: no script for prebuild, continuing
7 info lifecycle tsc_journey@1.0.0~build: tsc_journey@1.0.0
8 verbose lifecycle tsc_journey@1.0.0~build: unsafe-perm in lifecycle true
9 verbose lifecycle tsc_journey@1.0.0~build: PATH: /usr/local/lib/node_modules/npm/bin/node-gyp-bin:/opt/src/playground/tsc_journey/node_modules/.bin:/usr/local/bin:/usr/lib64/qt-3.3/bin:/usr/local/bin:/usr/local/sbin:/usr/bin:/usr/sbin:/bin:/sbin:/home/tshchedrolyubov/.local/bin:/home/tshchedrolyubov/bin
10 verbose lifecycle tsc_journey@1.0.0~build: CWD: /opt/src/playground/tsc_journey
11 silly lifecycle tsc_journey@1.0.0~build: Args: [ '-c', 'tsc; node dist/interfaces.js' ]
12 silly lifecycle tsc_journey@1.0.0~build: Returned: code: 1  signal: null
13 info lifecycle tsc_journey@1.0.0~build: Failed to exec build script
14 verbose stack Error: tsc_journey@1.0.0 build: `tsc; node dist/interfaces.js`
14 verbose stack Exit status 1
14 verbose stack     at EventEmitter.<anonymous> (/usr/local/lib/node_modules/npm/lib/utils/lifecycle.js:245:16)
14 verbose stack     at emitTwo (events.js:106:13)
14 verbose stack     at EventEmitter.emit (events.js:191:7)
14 verbose stack     at ChildProcess.<anonymous> (/usr/local/lib/node_modules/npm/lib/utils/spawn.js:24:14)
14 verbose stack     at emitTwo (events.js:106:13)
14 verbose stack     at ChildProcess.emit (events.js:191:7)
14 verbose stack     at maybeClose (internal/child_process.js:852:16)
14 verbose stack     at Process.ChildProcess._handle.onexit (internal/child_process.js:215:5)
15 verbose pkgid tsc_journey@1.0.0
16 verbose cwd /opt/src/playground/tsc_journey
17 error Linux 3.10.0-327.36.2.el7.x86_64
18 error argv "/usr/local/bin/node" "/usr/local/bin/npm" "run" "build"
19 error node v6.2.2
20 error npm  v3.9.5
21 error code ELIFECYCLE
22 error tsc_journey@1.0.0 build: `tsc; node dist/interfaces.js`
22 error Exit status 1
23 error Failed at the tsc_journey@1.0.0 build script 'tsc; node dist/interfaces.js'.
23 error Make sure you have the latest version of node.js and npm installed.
23 error If you do, this is most likely a problem with the tsc_journey package,
23 error not with npm itself.
23 error Tell the author that this fails on your system:
23 error     tsc; node dist/interfaces.js
23 error You can get information on how to open an issue for this project with:
23 error     npm bugs tsc_journey
23 error Or if that isn't available, you can get their info via:
23 error     npm owner ls tsc_journey
23 error There is likely additional logging output above.
24 verbose exit [ 1, true ]
